<?xml version="1.0" encoding="UTF-8"?>
<testsuite name="com.fastcampus.jpa.bookmanager.repository.BookReviewInfoRepositoryTest" tests="1" skipped="0" failures="0" errors="0" timestamp="2021-06-21T12:33:39" hostname="DESKTOP-TTJDB1S" time="0.605">
  <properties/>
  <testcase name="crudTest2()" classname="com.fastcampus.jpa.bookmanager.repository.BookReviewInfoRepositoryTest" time="0.605"/>
  <system-out><![CDATA[21:33:33.057 [Test worker] DEBUG org.springframework.test.context.BootstrapUtils - Instantiating CacheAwareContextLoaderDelegate from class [org.springframework.test.context.cache.DefaultCacheAwareContextLoaderDelegate]
21:33:33.076 [Test worker] DEBUG org.springframework.test.context.BootstrapUtils - Instantiating BootstrapContext using constructor [public org.springframework.test.context.support.DefaultBootstrapContext(java.lang.Class,org.springframework.test.context.CacheAwareContextLoaderDelegate)]
21:33:33.121 [Test worker] DEBUG org.springframework.test.context.BootstrapUtils - Instantiating TestContextBootstrapper for test class [com.fastcampus.jpa.bookmanager.repository.BookReviewInfoRepositoryTest] from class [org.springframework.boot.test.context.SpringBootTestContextBootstrapper]
21:33:33.138 [Test worker] INFO org.springframework.boot.test.context.SpringBootTestContextBootstrapper - Neither @ContextConfiguration nor @ContextHierarchy found for test class [com.fastcampus.jpa.bookmanager.repository.BookReviewInfoRepositoryTest], using SpringBootContextLoader
21:33:33.143 [Test worker] DEBUG org.springframework.test.context.support.AbstractContextLoader - Did not detect default resource location for test class [com.fastcampus.jpa.bookmanager.repository.BookReviewInfoRepositoryTest]: class path resource [com/fastcampus/jpa/bookmanager/repository/BookReviewInfoRepositoryTest-context.xml] does not exist
21:33:33.144 [Test worker] DEBUG org.springframework.test.context.support.AbstractContextLoader - Did not detect default resource location for test class [com.fastcampus.jpa.bookmanager.repository.BookReviewInfoRepositoryTest]: class path resource [com/fastcampus/jpa/bookmanager/repository/BookReviewInfoRepositoryTestContext.groovy] does not exist
21:33:33.144 [Test worker] INFO org.springframework.test.context.support.AbstractContextLoader - Could not detect default resource locations for test class [com.fastcampus.jpa.bookmanager.repository.BookReviewInfoRepositoryTest]: no resource found for suffixes {-context.xml, Context.groovy}.
21:33:33.145 [Test worker] INFO org.springframework.test.context.support.AnnotationConfigContextLoaderUtils - Could not detect default configuration classes for test class [com.fastcampus.jpa.bookmanager.repository.BookReviewInfoRepositoryTest]: BookReviewInfoRepositoryTest does not declare any static, non-private, non-final, nested classes annotated with @Configuration.
21:33:33.203 [Test worker] DEBUG org.springframework.test.context.support.ActiveProfilesUtils - Could not find an 'annotation declaring class' for annotation type [org.springframework.test.context.ActiveProfiles] and class [com.fastcampus.jpa.bookmanager.repository.BookReviewInfoRepositoryTest]
21:33:33.297 [Test worker] DEBUG org.springframework.context.annotation.ClassPathScanningCandidateComponentProvider - Identified candidate component class: file [E:\LUNA_git\WelFullStack\bookmanager\build\classes\java\main\com\fastcampus\jpa\bookmanager\BookmanagerApplication.class]
21:33:33.299 [Test worker] INFO org.springframework.boot.test.context.SpringBootTestContextBootstrapper - Found @SpringBootConfiguration com.fastcampus.jpa.bookmanager.BookmanagerApplication for test class com.fastcampus.jpa.bookmanager.repository.BookReviewInfoRepositoryTest
21:33:33.440 [Test worker] DEBUG org.springframework.boot.test.context.SpringBootTestContextBootstrapper - @TestExecutionListeners is not present for class [com.fastcampus.jpa.bookmanager.repository.BookReviewInfoRepositoryTest]: using defaults.
21:33:33.441 [Test worker] INFO org.springframework.boot.test.context.SpringBootTestContextBootstrapper - Loaded default TestExecutionListener class names from location [META-INF/spring.factories]: [org.springframework.boot.test.autoconfigure.restdocs.RestDocsTestExecutionListener, org.springframework.boot.test.autoconfigure.web.client.MockRestServiceServerResetTestExecutionListener, org.springframework.boot.test.autoconfigure.web.servlet.MockMvcPrintOnlyOnFailureTestExecutionListener, org.springframework.boot.test.autoconfigure.web.servlet.WebDriverTestExecutionListener, org.springframework.boot.test.autoconfigure.webservices.client.MockWebServiceServerTestExecutionListener, org.springframework.boot.test.mock.mockito.MockitoTestExecutionListener, org.springframework.boot.test.mock.mockito.ResetMocksTestExecutionListener, org.springframework.test.context.web.ServletTestExecutionListener, org.springframework.test.context.support.DirtiesContextBeforeModesTestExecutionListener, org.springframework.test.context.event.ApplicationEventsTestExecutionListener, org.springframework.test.context.support.DependencyInjectionTestExecutionListener, org.springframework.test.context.support.DirtiesContextTestExecutionListener, org.springframework.test.context.transaction.TransactionalTestExecutionListener, org.springframework.test.context.jdbc.SqlScriptsTestExecutionListener, org.springframework.test.context.event.EventPublishingTestExecutionListener]
21:33:33.463 [Test worker] INFO org.springframework.boot.test.context.SpringBootTestContextBootstrapper - Using TestExecutionListeners: [org.springframework.test.context.web.ServletTestExecutionListener@8aaa1c4, org.springframework.test.context.support.DirtiesContextBeforeModesTestExecutionListener@18fb140c, org.springframework.test.context.event.ApplicationEventsTestExecutionListener@25872da9, org.springframework.boot.test.mock.mockito.MockitoTestExecutionListener@55609310, org.springframework.boot.test.autoconfigure.SpringBootDependencyInjectionTestExecutionListener@899bcf9, org.springframework.test.context.support.DirtiesContextTestExecutionListener@48829292, org.springframework.test.context.transaction.TransactionalTestExecutionListener@54f4144e, org.springframework.test.context.jdbc.SqlScriptsTestExecutionListener@55de5d3, org.springframework.test.context.event.EventPublishingTestExecutionListener@40e6fff5, org.springframework.boot.test.autoconfigure.restdocs.RestDocsTestExecutionListener@1cace379, org.springframework.boot.test.autoconfigure.web.client.MockRestServiceServerResetTestExecutionListener@688ed2c6, org.springframework.boot.test.autoconfigure.web.servlet.MockMvcPrintOnlyOnFailureTestExecutionListener@297d179, org.springframework.boot.test.autoconfigure.web.servlet.WebDriverTestExecutionListener@75f99f89, org.springframework.boot.test.autoconfigure.webservices.client.MockWebServiceServerTestExecutionListener@e350d64, org.springframework.boot.test.mock.mockito.ResetMocksTestExecutionListener@1033f686]
21:33:33.470 [Test worker] DEBUG org.springframework.test.context.support.AbstractDirtiesContextTestExecutionListener - Before test class: context [DefaultTestContext@4ee3bb19 testClass = BookReviewInfoRepositoryTest, testInstance = [null], testMethod = [null], testException = [null], mergedContextConfiguration = [WebMergedContextConfiguration@1abdf13a testClass = BookReviewInfoRepositoryTest, locations = '{}', classes = '{class com.fastcampus.jpa.bookmanager.BookmanagerApplication}', contextInitializerClasses = '[]', activeProfiles = '{}', propertySourceLocations = '{}', propertySourceProperties = '{org.springframework.boot.test.context.SpringBootTestContextBootstrapper=true}', contextCustomizers = set[org.springframework.boot.test.autoconfigure.actuate.metrics.MetricsExportContextCustomizerFactory$DisableMetricExportContextCustomizer@2d787cbc, org.springframework.boot.test.autoconfigure.properties.PropertyMappingContextCustomizer@0, org.springframework.boot.test.autoconfigure.web.servlet.WebDriverContextCustomizerFactory$Customizer@4f6fd668, org.springframework.boot.test.context.filter.ExcludeFilterContextCustomizer@54964043, org.springframework.boot.test.json.DuplicateJsonObjectContextCustomizerFactory$DuplicateJsonObjectContextCustomizer@1ea331a9, org.springframework.boot.test.mock.mockito.MockitoContextCustomizer@0, org.springframework.boot.test.web.client.TestRestTemplateContextCustomizer@4ac6dac, org.springframework.boot.test.context.SpringBootTestArgs@1, org.springframework.boot.test.context.SpringBootTestWebEnvironment@324811bc], resourceBasePath = 'src/main/webapp', contextLoader = 'org.springframework.boot.test.context.SpringBootContextLoader', parent = [null]], attributes = map['org.springframework.test.context.web.ServletTestExecutionListener.activateListener' -> true]], class annotated with @DirtiesContext [false] with mode [null].
21:33:33.509 [Test worker] DEBUG org.springframework.test.context.support.TestPropertySourceUtils - Adding inlined properties to environment: {spring.jmx.enabled=false, org.springframework.boot.test.context.SpringBootTestContextBootstrapper=true}

  .   ____          _            __ _ _
 /\\ / ___'_ __ _ _(_)_ __  __ _ \ \ \ \
( ( )\___ | '_ | '_| | '_ \/ _` | \ \ \ \
 \\/  ___)| |_)| | | | | || (_| |  ) ) ) )
  '  |____| .__|_| |_|_| |_\__, | / / / /
 =========|_|==============|___/=/_/_/_/
 :: Spring Boot ::                (v2.5.0)

2021-06-21 21:33:33.919  INFO 30372 --- [    Test worker] c.f.j.b.r.BookReviewInfoRepositoryTest   : Starting BookReviewInfoRepositoryTest using Java 11.0.11 on DESKTOP-TTJDB1S with PID 30372 (started by kimho in E:\LUNA_git\WelFullStack\bookmanager)
2021-06-21 21:33:33.924  INFO 30372 --- [    Test worker] c.f.j.b.r.BookReviewInfoRepositoryTest   : No active profile set, falling back to default profiles: default
2021-06-21 21:33:34.831  INFO 30372 --- [    Test worker] .s.d.r.c.RepositoryConfigurationDelegate : Bootstrapping Spring Data JPA repositories in DEFAULT mode.
2021-06-21 21:33:34.930  INFO 30372 --- [    Test worker] .s.d.r.c.RepositoryConfigurationDelegate : Finished Spring Data repository scanning in 90 ms. Found 4 JPA repository interfaces.
2021-06-21 21:33:35.632  INFO 30372 --- [    Test worker] com.zaxxer.hikari.HikariDataSource       : HikariPool-1 - Starting...
2021-06-21 21:33:35.876  INFO 30372 --- [    Test worker] com.zaxxer.hikari.HikariDataSource       : HikariPool-1 - Start completed.
2021-06-21 21:33:35.978  INFO 30372 --- [    Test worker] o.hibernate.jpa.internal.util.LogHelper  : HHH000204: Processing PersistenceUnitInfo [name: default]
2021-06-21 21:33:36.055  INFO 30372 --- [    Test worker] org.hibernate.Version                    : HHH000412: Hibernate ORM core version 5.4.31.Final
2021-06-21 21:33:36.265  INFO 30372 --- [    Test worker] o.hibernate.annotations.common.Version   : HCANN000001: Hibernate Commons Annotations {5.1.2.Final}
2021-06-21 21:33:36.486  INFO 30372 --- [    Test worker] org.hibernate.dialect.Dialect            : HHH000400: Using dialect: org.hibernate.dialect.H2Dialect
Hibernate: 
    
    drop table if exists address CASCADE 
Hibernate: 
    
    drop table if exists book CASCADE 
Hibernate: 
    
    drop table if exists book_review_info CASCADE 
Hibernate: 
    
    drop table if exists user CASCADE 
Hibernate: 
    
    drop table if exists user_address CASCADE 
Hibernate: 
    
    drop table if exists user_history CASCADE 
Hibernate: 
    
    create table address (
       id bigint not null,
        primary key (id)
    )
Hibernate: 
    
    create table book (
       id bigint generated by default as identity,
        created_at timestamp,
        updated_at timestamp,
        author_id bigint,
        category varchar(255),
        name varchar(255),
        publisher_id bigint,
        primary key (id)
    )
Hibernate: 
    
    create table book_review_info (
       id bigint generated by default as identity,
        created_at timestamp,
        updated_at timestamp,
        average_review_score float not null,
        book_id bigint,
        review_count integer not null,
        primary key (id)
    )
Hibernate: 
    
    create table user (
       id bigint generated by default as identity,
        created_at timestamp,
        updated_at timestamp,
        email varchar(255),
        gender varchar(255),
        name varchar(255),
        primary key (id)
    )
Hibernate: 
    
    create table user_address (
       user_id bigint not null,
        address_id bigint not null
    )
Hibernate: 
    
    create table user_history (
       id bigint generated by default as identity,
        created_at timestamp,
        updated_at timestamp,
        email varchar(255),
        name varchar(255),
        user_id bigint,
        primary key (id)
    )
Hibernate: create index IDXgj2fy3dcix7ph7k8684gka40c on user (name)
Hibernate: 
    
    alter table user 
       add constraint UKob8kqyqqgmefl0aco34akdtpe unique (email)
Hibernate: 
    
    alter table user_address 
       add constraint UK_m3t1qb7j0fluav2a0kphxyoue unique (address_id)
Hibernate: 
    
    alter table user_address 
       add constraint FKdaaxogn1ss81gkcsdn05wi6jp 
       foreign key (address_id) 
       references address
Hibernate: 
    
    alter table user_address 
       add constraint FKk2ox3w9jm7yd6v1m5f68xibry 
       foreign key (user_id) 
       references user
2021-06-21 21:33:37.505  INFO 30372 --- [    Test worker] o.h.e.t.j.p.i.JtaPlatformInitiator       : HHH000490: Using JtaPlatform implementation: [org.hibernate.engine.transaction.jta.platform.internal.NoJtaPlatform]
2021-06-21 21:33:37.519  INFO 30372 --- [    Test worker] j.LocalContainerEntityManagerFactoryBean : Initialized JPA EntityManagerFactory for persistence unit 'default'
2021-06-21 21:33:37.915  WARN 30372 --- [    Test worker] JpaBaseConfiguration$JpaWebConfiguration : spring.jpa.open-in-view is enabled by default. Therefore, database queries may be performed during view rendering. Explicitly configure spring.jpa.open-in-view to disable this warning
2021-06-21 21:33:38.264  INFO 30372 --- [    Test worker] o.s.b.a.h2.H2ConsoleAutoConfiguration    : H2 console available at '/h2-console'. Database available at 'jdbc:h2:mem:67cd6536-dc7b-487e-86d9-efdf8284c8c6'
2021-06-21 21:33:39.255  INFO 30372 --- [    Test worker] c.f.j.b.r.BookReviewInfoRepositoryTest   : Started BookReviewInfoRepositoryTest in 5.737 seconds (JVM running for 8.166)
2021-06-21 21:33:39.258  INFO 30372 --- [    Test worker] o.s.b.a.ApplicationAvailabilityBean      : Application availability state LivenessState changed to CORRECT
2021-06-21 21:33:39.261  INFO 30372 --- [    Test worker] o.s.b.a.ApplicationAvailabilityBean      : Application availability state ReadinessState changed to ACCEPTING_TRAFFIC
Hibernate: 
    insert 
    into
        book
        (id, created_at, updated_at, author_id, category, name, publisher_id) 
    values
        (null, ?, ?, ?, ?, ?, ?)
Hibernate: 
    insert 
    into
        book_review_info
        (id, created_at, updated_at, average_review_score, book_id, review_count) 
    values
        (null, ?, ?, ?, ?, ?)
Hibernate: 
    select
        bookreview0_.id as id1_2_,
        bookreview0_.created_at as created_2_2_,
        bookreview0_.updated_at as updated_3_2_,
        bookreview0_.average_review_score as average_4_2_,
        bookreview0_.book_id as book_id5_2_,
        bookreview0_.review_count as review_c6_2_ 
    from
        book_review_info bookreview0_
>>> [BookReviewInfo(super=BaseEntity(createdAt=2021-06-21T21:33:39.581888, updatedAt=2021-06-21T21:33:39.581888), id=1, bookId=1, averageReviewScore=4.5, reviewCount=2)]
Hibernate: 
    select
        bookreview0_.id as id1_2_0_,
        bookreview0_.created_at as created_2_2_0_,
        bookreview0_.updated_at as updated_3_2_0_,
        bookreview0_.average_review_score as average_4_2_0_,
        bookreview0_.book_id as book_id5_2_0_,
        bookreview0_.review_count as review_c6_2_0_ 
    from
        book_review_info bookreview0_ 
    where
        bookreview0_.id=?
Hibernate: 
    select
        book0_.id as id1_1_0_,
        book0_.created_at as created_2_1_0_,
        book0_.updated_at as updated_3_1_0_,
        book0_.author_id as author_i4_1_0_,
        book0_.category as category5_1_0_,
        book0_.name as name6_1_0_,
        book0_.publisher_id as publishe7_1_0_ 
    from
        book book0_ 
    where
        book0_.id=?
>>> Book(super=BaseEntity(createdAt=2021-06-21T21:33:39.483887, updatedAt=2021-06-21T21:33:39.483887), id=1, name=Jpa 초격차 패키지, category=null, authorId=1, publisherId=1)
]]></system-out>
  <system-err><![CDATA[]]></system-err>
</testsuite>
