<?xml version="1.0" encoding="UTF-8"?>
<testsuite name="com.fastcampus.jpa.bookmanager.repository.BookRepositoryTest" tests="1" skipped="0" failures="0" errors="0" timestamp="2021-06-20T04:14:42" hostname="DESKTOP-TTJDB1S" time="0.419">
  <properties/>
  <testcase name="bookTest()" classname="com.fastcampus.jpa.bookmanager.repository.BookRepositoryTest" time="0.419"/>
  <system-out><![CDATA[13:14:36.831 [Test worker] DEBUG org.springframework.test.context.BootstrapUtils - Instantiating CacheAwareContextLoaderDelegate from class [org.springframework.test.context.cache.DefaultCacheAwareContextLoaderDelegate]
13:14:36.845 [Test worker] DEBUG org.springframework.test.context.BootstrapUtils - Instantiating BootstrapContext using constructor [public org.springframework.test.context.support.DefaultBootstrapContext(java.lang.Class,org.springframework.test.context.CacheAwareContextLoaderDelegate)]
13:14:36.884 [Test worker] DEBUG org.springframework.test.context.BootstrapUtils - Instantiating TestContextBootstrapper for test class [com.fastcampus.jpa.bookmanager.repository.BookRepositoryTest] from class [org.springframework.boot.test.context.SpringBootTestContextBootstrapper]
13:14:36.897 [Test worker] INFO org.springframework.boot.test.context.SpringBootTestContextBootstrapper - Neither @ContextConfiguration nor @ContextHierarchy found for test class [com.fastcampus.jpa.bookmanager.repository.BookRepositoryTest], using SpringBootContextLoader
13:14:36.902 [Test worker] DEBUG org.springframework.test.context.support.AbstractContextLoader - Did not detect default resource location for test class [com.fastcampus.jpa.bookmanager.repository.BookRepositoryTest]: class path resource [com/fastcampus/jpa/bookmanager/repository/BookRepositoryTest-context.xml] does not exist
13:14:36.902 [Test worker] DEBUG org.springframework.test.context.support.AbstractContextLoader - Did not detect default resource location for test class [com.fastcampus.jpa.bookmanager.repository.BookRepositoryTest]: class path resource [com/fastcampus/jpa/bookmanager/repository/BookRepositoryTestContext.groovy] does not exist
13:14:36.903 [Test worker] INFO org.springframework.test.context.support.AbstractContextLoader - Could not detect default resource locations for test class [com.fastcampus.jpa.bookmanager.repository.BookRepositoryTest]: no resource found for suffixes {-context.xml, Context.groovy}.
13:14:36.904 [Test worker] INFO org.springframework.test.context.support.AnnotationConfigContextLoaderUtils - Could not detect default configuration classes for test class [com.fastcampus.jpa.bookmanager.repository.BookRepositoryTest]: BookRepositoryTest does not declare any static, non-private, non-final, nested classes annotated with @Configuration.
13:14:36.971 [Test worker] DEBUG org.springframework.test.context.support.ActiveProfilesUtils - Could not find an 'annotation declaring class' for annotation type [org.springframework.test.context.ActiveProfiles] and class [com.fastcampus.jpa.bookmanager.repository.BookRepositoryTest]
13:14:37.048 [Test worker] DEBUG org.springframework.context.annotation.ClassPathScanningCandidateComponentProvider - Identified candidate component class: file [E:\LUNA_git\bookmanager\build\classes\java\main\com\fastcampus\jpa\bookmanager\BookmanagerApplication.class]
13:14:37.050 [Test worker] INFO org.springframework.boot.test.context.SpringBootTestContextBootstrapper - Found @SpringBootConfiguration com.fastcampus.jpa.bookmanager.BookmanagerApplication for test class com.fastcampus.jpa.bookmanager.repository.BookRepositoryTest
13:14:37.171 [Test worker] DEBUG org.springframework.boot.test.context.SpringBootTestContextBootstrapper - @TestExecutionListeners is not present for class [com.fastcampus.jpa.bookmanager.repository.BookRepositoryTest]: using defaults.
13:14:37.171 [Test worker] INFO org.springframework.boot.test.context.SpringBootTestContextBootstrapper - Loaded default TestExecutionListener class names from location [META-INF/spring.factories]: [org.springframework.boot.test.autoconfigure.restdocs.RestDocsTestExecutionListener, org.springframework.boot.test.autoconfigure.web.client.MockRestServiceServerResetTestExecutionListener, org.springframework.boot.test.autoconfigure.web.servlet.MockMvcPrintOnlyOnFailureTestExecutionListener, org.springframework.boot.test.autoconfigure.web.servlet.WebDriverTestExecutionListener, org.springframework.boot.test.autoconfigure.webservices.client.MockWebServiceServerTestExecutionListener, org.springframework.boot.test.mock.mockito.MockitoTestExecutionListener, org.springframework.boot.test.mock.mockito.ResetMocksTestExecutionListener, org.springframework.test.context.web.ServletTestExecutionListener, org.springframework.test.context.support.DirtiesContextBeforeModesTestExecutionListener, org.springframework.test.context.event.ApplicationEventsTestExecutionListener, org.springframework.test.context.support.DependencyInjectionTestExecutionListener, org.springframework.test.context.support.DirtiesContextTestExecutionListener, org.springframework.test.context.transaction.TransactionalTestExecutionListener, org.springframework.test.context.jdbc.SqlScriptsTestExecutionListener, org.springframework.test.context.event.EventPublishingTestExecutionListener]
13:14:37.202 [Test worker] INFO org.springframework.boot.test.context.SpringBootTestContextBootstrapper - Using TestExecutionListeners: [org.springframework.test.context.web.ServletTestExecutionListener@778bb0e0, org.springframework.test.context.support.DirtiesContextBeforeModesTestExecutionListener@1a003418, org.springframework.test.context.event.ApplicationEventsTestExecutionListener@5ae70ed2, org.springframework.boot.test.mock.mockito.MockitoTestExecutionListener@2e360079, org.springframework.boot.test.autoconfigure.SpringBootDependencyInjectionTestExecutionListener@490b9ef, org.springframework.test.context.support.DirtiesContextTestExecutionListener@1fabfd91, org.springframework.test.context.transaction.TransactionalTestExecutionListener@7d58f128, org.springframework.test.context.jdbc.SqlScriptsTestExecutionListener@63f30332, org.springframework.test.context.event.EventPublishingTestExecutionListener@62ad8162, org.springframework.boot.test.autoconfigure.restdocs.RestDocsTestExecutionListener@22aaafd3, org.springframework.boot.test.autoconfigure.web.client.MockRestServiceServerResetTestExecutionListener@18c1db1f, org.springframework.boot.test.autoconfigure.web.servlet.MockMvcPrintOnlyOnFailureTestExecutionListener@6350a1a6, org.springframework.boot.test.autoconfigure.web.servlet.WebDriverTestExecutionListener@6d789a3f, org.springframework.boot.test.autoconfigure.webservices.client.MockWebServiceServerTestExecutionListener@1a5b6474, org.springframework.boot.test.mock.mockito.ResetMocksTestExecutionListener@c545d03]
13:14:37.205 [Test worker] DEBUG org.springframework.test.context.support.AbstractDirtiesContextTestExecutionListener - Before test class: context [DefaultTestContext@5217da59 testClass = BookRepositoryTest, testInstance = [null], testMethod = [null], testException = [null], mergedContextConfiguration = [WebMergedContextConfiguration@2c8bf115 testClass = BookRepositoryTest, locations = '{}', classes = '{class com.fastcampus.jpa.bookmanager.BookmanagerApplication}', contextInitializerClasses = '[]', activeProfiles = '{}', propertySourceLocations = '{}', propertySourceProperties = '{org.springframework.boot.test.context.SpringBootTestContextBootstrapper=true}', contextCustomizers = set[org.springframework.boot.test.autoconfigure.actuate.metrics.MetricsExportContextCustomizerFactory$DisableMetricExportContextCustomizer@61dcba2b, org.springframework.boot.test.autoconfigure.properties.PropertyMappingContextCustomizer@0, org.springframework.boot.test.autoconfigure.web.servlet.WebDriverContextCustomizerFactory$Customizer@782568cd, org.springframework.boot.test.context.filter.ExcludeFilterContextCustomizer@46a1079d, org.springframework.boot.test.json.DuplicateJsonObjectContextCustomizerFactory$DuplicateJsonObjectContextCustomizer@269f7653, org.springframework.boot.test.mock.mockito.MockitoContextCustomizer@0, org.springframework.boot.test.web.client.TestRestTemplateContextCustomizer@26416530, org.springframework.boot.test.context.SpringBootTestArgs@1, org.springframework.boot.test.context.SpringBootTestWebEnvironment@6c7914f7], resourceBasePath = 'src/main/webapp', contextLoader = 'org.springframework.boot.test.context.SpringBootContextLoader', parent = [null]], attributes = map['org.springframework.test.context.web.ServletTestExecutionListener.activateListener' -> true]], class annotated with @DirtiesContext [false] with mode [null].
13:14:37.240 [Test worker] DEBUG org.springframework.test.context.support.TestPropertySourceUtils - Adding inlined properties to environment: {spring.jmx.enabled=false, org.springframework.boot.test.context.SpringBootTestContextBootstrapper=true}

  .   ____          _            __ _ _
 /\\ / ___'_ __ _ _(_)_ __  __ _ \ \ \ \
( ( )\___ | '_ | '_| | '_ \/ _` | \ \ \ \
 \\/  ___)| |_)| | | | | || (_| |  ) ) ) )
  '  |____| .__|_| |_|_| |_\__, | / / / /
 =========|_|==============|___/=/_/_/_/
 :: Spring Boot ::                (v2.5.0)

2021-06-20 13:14:37.631  INFO 10248 --- [    Test worker] c.f.j.b.repository.BookRepositoryTest    : Starting BookRepositoryTest using Java 11.0.11 on DESKTOP-TTJDB1S with PID 10248 (started by kimho in E:\LUNA_git\bookmanager)
2021-06-20 13:14:37.634  INFO 10248 --- [    Test worker] c.f.j.b.repository.BookRepositoryTest    : No active profile set, falling back to default profiles: default
2021-06-20 13:14:38.503  INFO 10248 --- [    Test worker] .s.d.r.c.RepositoryConfigurationDelegate : Bootstrapping Spring Data JPA repositories in DEFAULT mode.
2021-06-20 13:14:38.592  INFO 10248 --- [    Test worker] .s.d.r.c.RepositoryConfigurationDelegate : Finished Spring Data repository scanning in 80 ms. Found 4 JPA repository interfaces.
2021-06-20 13:14:39.290  INFO 10248 --- [    Test worker] com.zaxxer.hikari.HikariDataSource       : HikariPool-1 - Starting...
2021-06-20 13:14:39.532  INFO 10248 --- [    Test worker] com.zaxxer.hikari.HikariDataSource       : HikariPool-1 - Start completed.
2021-06-20 13:14:39.632  INFO 10248 --- [    Test worker] o.hibernate.jpa.internal.util.LogHelper  : HHH000204: Processing PersistenceUnitInfo [name: default]
2021-06-20 13:14:39.707  INFO 10248 --- [    Test worker] org.hibernate.Version                    : HHH000412: Hibernate ORM core version 5.4.31.Final
2021-06-20 13:14:39.918  INFO 10248 --- [    Test worker] o.hibernate.annotations.common.Version   : HCANN000001: Hibernate Commons Annotations {5.1.2.Final}
2021-06-20 13:14:40.109  INFO 10248 --- [    Test worker] org.hibernate.dialect.Dialect            : HHH000400: Using dialect: org.hibernate.dialect.H2Dialect
Hibernate: 
    
    drop table if exists address CASCADE 
Hibernate: 
    
    drop table if exists book CASCADE 
Hibernate: 
    
    drop table if exists book_review_info CASCADE 
Hibernate: 
    
    drop table if exists user CASCADE 
Hibernate: 
    
    drop table if exists user_address CASCADE 
Hibernate: 
    
    drop table if exists user_history CASCADE 
Hibernate: 
    
    drop sequence if exists hibernate_sequence
Hibernate: create sequence hibernate_sequence start with 1 increment by 1
Hibernate: 
    
    create table address (
       id bigint not null,
        primary key (id)
    )
Hibernate: 
    
    create table book (
       id bigint not null,
        created_at timestamp,
        updated_at timestamp,
        author_id bigint,
        category varchar(255),
        name varchar(255),
        publisher_id bigint,
        primary key (id)
    )
Hibernate: 
    
    create table book_review_info (
       id bigint not null,
        created_at timestamp,
        updated_at timestamp,
        average_review_score float not null,
        book_id bigint,
        review_count integer not null,
        primary key (id)
    )
Hibernate: 
    
    create table user (
       id bigint not null,
        created_at timestamp,
        updated_at timestamp,
        email varchar(255),
        gender varchar(255),
        name varchar(255),
        primary key (id)
    )
Hibernate: 
    
    create table user_address (
       user_id bigint not null,
        address_id bigint not null
    )
Hibernate: 
    
    create table user_history (
       id bigint not null,
        created_at timestamp,
        updated_at timestamp,
        email varchar(255),
        name varchar(255),
        user_id bigint,
        primary key (id)
    )
Hibernate: create index IDXgj2fy3dcix7ph7k8684gka40c on user (name)
Hibernate: 
    
    alter table user 
       add constraint UKob8kqyqqgmefl0aco34akdtpe unique (email)
Hibernate: 
    
    alter table user_address 
       add constraint UK_m3t1qb7j0fluav2a0kphxyoue unique (address_id)
Hibernate: 
    
    alter table user_address 
       add constraint FKdaaxogn1ss81gkcsdn05wi6jp 
       foreign key (address_id) 
       references address
Hibernate: 
    
    alter table user_address 
       add constraint FKk2ox3w9jm7yd6v1m5f68xibry 
       foreign key (user_id) 
       references user
2021-06-20 13:14:41.140  INFO 10248 --- [    Test worker] o.h.e.t.j.p.i.JtaPlatformInitiator       : HHH000490: Using JtaPlatform implementation: [org.hibernate.engine.transaction.jta.platform.internal.NoJtaPlatform]
2021-06-20 13:14:41.153  INFO 10248 --- [    Test worker] j.LocalContainerEntityManagerFactoryBean : Initialized JPA EntityManagerFactory for persistence unit 'default'
2021-06-20 13:14:41.570  WARN 10248 --- [    Test worker] JpaBaseConfiguration$JpaWebConfiguration : spring.jpa.open-in-view is enabled by default. Therefore, database queries may be performed during view rendering. Explicitly configure spring.jpa.open-in-view to disable this warning
2021-06-20 13:14:41.917  INFO 10248 --- [    Test worker] o.s.b.a.h2.H2ConsoleAutoConfiguration    : H2 console available at '/h2-console'. Database available at 'jdbc:h2:mem:10c11ea2-462f-4303-8851-9bb7c4f5dc3a'
2021-06-20 13:14:42.900  INFO 10248 --- [    Test worker] c.f.j.b.repository.BookRepositoryTest    : Started BookRepositoryTest in 5.651 seconds (JVM running for 7.84)
2021-06-20 13:14:42.902  INFO 10248 --- [    Test worker] o.s.b.a.ApplicationAvailabilityBean      : Application availability state LivenessState changed to CORRECT
2021-06-20 13:14:42.904  INFO 10248 --- [    Test worker] o.s.b.a.ApplicationAvailabilityBean      : Application availability state ReadinessState changed to ACCEPTING_TRAFFIC
Hibernate: 
    call next value for hibernate_sequence
Hibernate: 
    insert 
    into
        book
        (created_at, updated_at, author_id, category, name, publisher_id, id) 
    values
        (?, ?, ?, ?, ?, ?, ?)
Hibernate: 
    select
        book0_.id as id1_1_,
        book0_.created_at as created_2_1_,
        book0_.updated_at as updated_3_1_,
        book0_.author_id as author_i4_1_,
        book0_.category as category5_1_,
        book0_.name as name6_1_,
        book0_.publisher_id as publishe7_1_ 
    from
        book book0_
[Book(super=BaseEntity(createdAt=2021-06-20T13:14:43.098673, updatedAt=2021-06-20T13:14:43.098673), id=1, name=JPA package, category=null, authorId=1, publisherId=1)]
]]></system-out>
  <system-err><![CDATA[]]></system-err>
</testsuite>
